<?xml version="1.0" encoding="UTF-8"?>
<!-- Generated by org.testng.reporters.JUnitReportReporter -->
<testsuite hostname="DESKTOP-IPVOHCG" failures="0" tests="1" name="maventest.demo.MavenDemo" time="4.596" errors="0" timestamp="2024-05-22T11:45:22 IST" skipped="0">
  <testcase classname="maventest.demo.MavenDemo" name="setUp" time="4.596"/>
  <system-out/>
</testsuite> <!-- maventest.demo.MavenDemo -->
